<?xml version="1.0" encoding="UTF-8"?>
<!-- Generated by org.testng.reporters.JUnitReportReporter -->
<testsuite hostname="Admin" failures="0" tests="1" name="TestNG.day4" time="0.013" errors="0" timestamp="2024-09-17T11:18:38 IST" skipped="0">
  <testcase classname="TestNG.day4" name="LoginAPIHomeLoan" time="0.013"/>
  <system-out/>
</testsuite> <!-- TestNG.day4 -->
