<?xml version="1.0" encoding="UTF-8"?>
<!-- Generated by org.testng.reporters.JUnitReportReporter -->
<testsuite hostname="Admin" failures="0" tests="5" name="TestNG.day3" time="0.024" errors="0" timestamp="2024-09-17T11:18:38 IST" skipped="1">
  <testcase classname="TestNG.day3" name="WebLoginCarLogin" time="0.001"/>
  <system-out/>
  <testcase classname="TestNG.day3" name="LoginAPICarLoan" time="0.001"/>
  <system-out/>
  <testcase classname="TestNG.day3" name="LoginAPICarLoan" time="0.021"/>
  <system-out/>
  <testcase classname="TestNG.day3" name="LoginAPICarLoan" time="0.001"/>
  <system-out/>
  <testcase classname="TestNG.day3" name="MobileSignInCarLoan">
    <skipped/>
  </testcase> <!-- MobileSignInCarLoan -->
  <system-out/>
</testsuite> <!-- TestNG.day3 -->
